{"D:\\FACULDADE\\5º Semestre\\Programaçao web\\Programa-o-Web\\src\\app.module.ts": {"path":"D:\\FACULDADE\\5º Semestre\\Programaçao web\\Programa-o-Web\\src\\app.module.ts","statementMap":{"0":{"start":{"line":1,"column":0},"end":{"line":1,"column":40}},"1":{"start":{"line":2,"column":0},"end":{"line":2,"column":48}},"2":{"start":{"line":3,"column":0},"end":{"line":3,"column":49}},"3":{"start":{"line":4,"column":0},"end":{"line":4,"column":43}},"4":{"start":{"line":5,"column":0},"end":{"line":5,"column":48}},"5":{"start":{"line":6,"column":0},"end":{"line":6,"column":54}},"6":{"start":{"line":25,"column":7},"end":{"line":25,"column":null}},"7":{"start":{"line":25,"column":13},"end":{"line":25,"column":22}},"8":{"start":{"line":25,"column":13},"end":{"line":25,"column":null}}},"fnMap":{},"branchMap":{},"s":{"0":0,"1":0,"2":0,"3":0,"4":0,"5":0,"6":0,"7":0,"8":0},"f":{},"b":{}}
,"D:\\FACULDADE\\5º Semestre\\Programaçao web\\Programa-o-Web\\src\\main.ts": {"path":"D:\\FACULDADE\\5º Semestre\\Programaçao web\\Programa-o-Web\\src\\main.ts","statementMap":{"0":{"start":{"line":1,"column":0},"end":{"line":1,"column":43}},"1":{"start":{"line":2,"column":0},"end":{"line":2,"column":41}},"2":{"start":{"line":4,"column":0},"end":{"line":4,"column":28}},"3":{"start":{"line":7,"column":14},"end":{"line":7,"column":73}},"4":{"start":{"line":9,"column":2},"end":{"line":11,"column":5}},"5":{"start":{"line":13,"column":2},"end":{"line":13,"column":25}},"6":{"start":{"line":15,"column":0},"end":{"line":15,"column":12}}},"fnMap":{"0":{"name":"bootstrap","decl":{"start":{"line":6,"column":15},"end":{"line":6,"column":24}},"loc":{"start":{"line":6,"column":24},"end":{"line":14,"column":1}}}},"branchMap":{},"s":{"0":0,"1":0,"2":0,"3":0,"4":0,"5":0,"6":0},"f":{"0":0},"b":{}}
,"D:\\FACULDADE\\5º Semestre\\Programaçao web\\Programa-o-Web\\src\\auth\\auth.controller.ts": {"path":"D:\\FACULDADE\\5º Semestre\\Programaçao web\\Programa-o-Web\\src\\auth\\auth.controller.ts","statementMap":{"0":{"start":{"line":1,"column":0},"end":{"line":1,"column":79}},"1":{"start":{"line":2,"column":0},"end":{"line":2,"column":45}},"2":{"start":{"line":3,"column":0},"end":{"line":3,"column":38}},"3":{"start":{"line":6,"column":7},"end":{"line":17,"column":null}},"4":{"start":{"line":7,"column":22},"end":{"line":7,"column":35}},"5":{"start":{"line":11,"column":18},"end":{"line":11,"column":63}},"6":{"start":{"line":12,"column":4},"end":{"line":14,"column":5}},"7":{"start":{"line":13,"column":6},"end":{"line":13,"column":63}},"8":{"start":{"line":15,"column":4},"end":{"line":15,"column":17}},"9":{"start":{"line":6,"column":13},"end":{"line":6,"column":27}},"10":{"start":{"line":10,"column":8},"end":{"line":16,"column":null}},"11":{"start":{"line":6,"column":13},"end":{"line":17,"column":null}}},"fnMap":{"0":{"name":"(anonymous_4)","decl":{"start":{"line":7,"column":2},"end":{"line":7,"column":22}},"loc":{"start":{"line":7,"column":46},"end":{"line":7,"column":50}}},"1":{"name":"(anonymous_5)","decl":{"start":{"line":10,"column":2},"end":{"line":10,"column":7}},"loc":{"start":{"line":10,"column":40},"end":{"line":16,"column":3}}}},"branchMap":{"0":{"loc":{"start":{"line":12,"column":4},"end":{"line":14,"column":5}},"type":"if","locations":[{"start":{"line":12,"column":4},"end":{"line":14,"column":5}}]}},"s":{"0":1,"1":1,"2":1,"3":1,"4":3,"5":2,"6":2,"7":1,"8":1,"9":1,"10":1,"11":1},"f":{"0":3,"1":2},"b":{"0":[1]}}
,"D:\\FACULDADE\\5º Semestre\\Programaçao web\\Programa-o-Web\\src\\auth\\auth.dto.ts": {"path":"D:\\FACULDADE\\5º Semestre\\Programaçao web\\Programa-o-Web\\src\\auth\\auth.dto.ts","statementMap":{"0":{"start":{"line":1,"column":0},"end":{"line":1,"column":13}}},"fnMap":{},"branchMap":{},"s":{"0":1},"f":{},"b":{}}
,"D:\\FACULDADE\\5º Semestre\\Programaçao web\\Programa-o-Web\\src\\auth\\auth.module.ts": {"path":"D:\\FACULDADE\\5º Semestre\\Programaçao web\\Programa-o-Web\\src\\auth\\auth.module.ts","statementMap":{"0":{"start":{"line":1,"column":0},"end":{"line":1,"column":40}},"1":{"start":{"line":2,"column":0},"end":{"line":2,"column":40}},"2":{"start":{"line":3,"column":0},"end":{"line":3,"column":50}},"3":{"start":{"line":4,"column":0},"end":{"line":4,"column":45}},"4":{"start":{"line":5,"column":0},"end":{"line":5,"column":51}},"5":{"start":{"line":6,"column":0},"end":{"line":6,"column":50}},"6":{"start":{"line":7,"column":0},"end":{"line":7,"column":45}},"7":{"start":{"line":21,"column":7},"end":{"line":21,"column":null}},"8":{"start":{"line":21,"column":13},"end":{"line":21,"column":23}},"9":{"start":{"line":21,"column":13},"end":{"line":21,"column":null}}},"fnMap":{},"branchMap":{},"s":{"0":0,"1":0,"2":0,"3":0,"4":0,"5":0,"6":0,"7":0,"8":0,"9":0},"f":{},"b":{}}
,"D:\\FACULDADE\\5º Semestre\\Programaçao web\\Programa-o-Web\\src\\auth\\auth.service.ts": {"path":"D:\\FACULDADE\\5º Semestre\\Programaçao web\\Programa-o-Web\\src\\auth\\auth.service.ts","statementMap":{"0":{"start":{"line":1,"column":0},"end":{"line":1,"column":44}},"1":{"start":{"line":2,"column":0},"end":{"line":2,"column":41}},"2":{"start":{"line":3,"column":0},"end":{"line":3,"column":52}},"3":{"start":{"line":4,"column":0},"end":{"line":4,"column":33}},"4":{"start":{"line":8,"column":7},"end":{"line":27,"column":null}},"5":{"start":{"line":10,"column":21},"end":{"line":10,"column":34}},"6":{"start":{"line":11,"column":21},"end":{"line":11,"column":33}},"7":{"start":{"line":15,"column":18},"end":{"line":15,"column":50}},"8":{"start":{"line":16,"column":17},"end":{"line":16,"column":60}},"9":{"start":{"line":16,"column":33},"end":{"line":16,"column":59}},"10":{"start":{"line":18,"column":4},"end":{"line":23,"column":5}},"11":{"start":{"line":19,"column":22},"end":{"line":19,"column":57}},"12":{"start":{"line":20,"column":6},"end":{"line":22,"column":8}},"13":{"start":{"line":25,"column":4},"end":{"line":25,"column":16}},"14":{"start":{"line":8,"column":13},"end":{"line":8,"column":24}},"15":{"start":{"line":8,"column":13},"end":{"line":27,"column":null}}},"fnMap":{"0":{"name":"(anonymous_11)","decl":{"start":{"line":9,"column":2},"end":{"line":9,"column":null}},"loc":{"start":{"line":11,"column":43},"end":{"line":12,"column":6}}},"1":{"name":"(anonymous_12)","decl":{"start":{"line":14,"column":2},"end":{"line":14,"column":7}},"loc":{"start":{"line":14,"column":39},"end":{"line":26,"column":3}}},"2":{"name":"(anonymous_13)","decl":{"start":{"line":16,"column":28},"end":{"line":16,"column":29}},"loc":{"start":{"line":16,"column":33},"end":{"line":16,"column":59}}}},"branchMap":{"0":{"loc":{"start":{"line":18,"column":4},"end":{"line":23,"column":5}},"type":"if","locations":[{"start":{"line":18,"column":4},"end":{"line":23,"column":5}}]},"1":{"loc":{"start":{"line":18,"column":8},"end":{"line":18,"column":72}},"type":"binary-expr","locations":[{"start":{"line":18,"column":8},"end":{"line":18,"column":12}},{"start":{"line":18,"column":17},"end":{"line":18,"column":71}}]}},"s":{"0":2,"1":2,"2":2,"3":2,"4":2,"5":4,"6":4,"7":3,"8":3,"9":4,"10":3,"11":1,"12":1,"13":2,"14":2,"15":2},"f":{"0":4,"1":3,"2":4},"b":{"0":[1],"1":[3,2]}}
,"D:\\FACULDADE\\5º Semestre\\Programaçao web\\Programa-o-Web\\src\\auth\\jwt-auth.guard.ts": {"path":"D:\\FACULDADE\\5º Semestre\\Programaçao web\\Programa-o-Web\\src\\auth\\jwt-auth.guard.ts","statementMap":{"0":{"start":{"line":1,"column":0},"end":{"line":1,"column":44}},"1":{"start":{"line":2,"column":0},"end":{"line":2,"column":45}},"2":{"start":{"line":5,"column":7},"end":{"line":5,"column":null}},"3":{"start":{"line":5,"column":13},"end":{"line":5,"column":25}},"4":{"start":{"line":5,"column":13},"end":{"line":5,"column":null}}},"fnMap":{},"branchMap":{},"s":{"0":1,"1":1,"2":1,"3":1,"4":1},"f":{},"b":{}}
,"D:\\FACULDADE\\5º Semestre\\Programaçao web\\Programa-o-Web\\src\\auth\\jwt.strategy.ts": {"path":"D:\\FACULDADE\\5º Semestre\\Programaçao web\\Programa-o-Web\\src\\auth\\jwt.strategy.ts","statementMap":{"0":{"start":{"line":1,"column":0},"end":{"line":1,"column":44}},"1":{"start":{"line":2,"column":0},"end":{"line":2,"column":52}},"2":{"start":{"line":3,"column":0},"end":{"line":3,"column":52}},"3":{"start":{"line":6,"column":7},"end":{"line":18,"column":null}},"4":{"start":{"line":8,"column":4},"end":{"line":12,"column":7}},"5":{"start":{"line":16,"column":4},"end":{"line":16,"column":57}},"6":{"start":{"line":6,"column":13},"end":{"line":6,"column":24}},"7":{"start":{"line":6,"column":13},"end":{"line":18,"column":null}}},"fnMap":{"0":{"name":"(anonymous_2)","decl":{"start":{"line":7,"column":2},"end":{"line":7,"column":null}},"loc":{"start":{"line":7,"column":2},"end":{"line":13,"column":3}}},"1":{"name":"(anonymous_3)","decl":{"start":{"line":15,"column":2},"end":{"line":15,"column":7}},"loc":{"start":{"line":15,"column":29},"end":{"line":17,"column":3}}}},"branchMap":{},"s":{"0":0,"1":0,"2":0,"3":0,"4":0,"5":0,"6":0,"7":0},"f":{"0":0,"1":0},"b":{}}
,"D:\\FACULDADE\\5º Semestre\\Programaçao web\\Programa-o-Web\\src\\dto\\create-user.dto.ts": {"path":"D:\\FACULDADE\\5º Semestre\\Programaçao web\\Programa-o-Web\\src\\dto\\create-user.dto.ts","statementMap":{"0":{"start":{"line":1,"column":0},"end":{"line":1,"column":13}}},"fnMap":{},"branchMap":{},"s":{"0":1},"f":{},"b":{}}
,"D:\\FACULDADE\\5º Semestre\\Programaçao web\\Programa-o-Web\\src\\dto\\update-user.dto.ts": {"path":"D:\\FACULDADE\\5º Semestre\\Programaçao web\\Programa-o-Web\\src\\dto\\update-user.dto.ts","statementMap":{"0":{"start":{"line":1,"column":0},"end":{"line":1,"column":13}}},"fnMap":{},"branchMap":{},"s":{"0":0},"f":{},"b":{}}
,"D:\\FACULDADE\\5º Semestre\\Programaçao web\\Programa-o-Web\\src\\upload\\upload.controller.ts": {"path":"D:\\FACULDADE\\5º Semestre\\Programaçao web\\Programa-o-Web\\src\\upload\\upload.controller.ts","statementMap":{"0":{"start":{"line":1,"column":0},"end":{"line":1,"column":null}},"1":{"start":{"line":9,"column":2},"end":{"line":9,"column":61}},"2":{"start":{"line":10,"column":2},"end":{"line":10,"column":39}},"3":{"start":{"line":11,"column":2},"end":{"line":11,"column":39}},"4":{"start":{"line":12,"column":2},"end":{"line":12,"column":27}},"5":{"start":{"line":16,"column":9},"end":{"line":50,"column":null}},"6":{"start":{"line":31,"column":6},"end":{"line":34,"column":8}},"7":{"start":{"line":39,"column":28},"end":{"line":39,"column":66}},"8":{"start":{"line":40,"column":20},"end":{"line":42,"column":29}},"9":{"start":{"line":41,"column":22},"end":{"line":41,"column":35}},"10":{"start":{"line":42,"column":19},"end":{"line":42,"column":28}},"11":{"start":{"line":43,"column":6},"end":{"line":43,"column":19}},"12":{"start":{"line":48,"column":8},"end":{"line":48,"column":74}},"13":{"start":{"line":16,"column":15},"end":{"line":16,"column":31}},"14":{"start":{"line":30,"column":4},"end":{"line":35,"column":null}},"15":{"start":{"line":23,"column":33},"end":{"line":23,"column":83}},"16":{"start":{"line":24,"column":24},"end":{"line":24,"column":50}},"17":{"start":{"line":25,"column":12},"end":{"line":25,"column":70}},"18":{"start":{"line":38,"column":4},"end":{"line":44,"column":null}},"19":{"start":{"line":47,"column":4},"end":{"line":49,"column":null}},"20":{"start":{"line":16,"column":15},"end":{"line":50,"column":null}}},"fnMap":{"0":{"name":"(anonymous_13)","decl":{"start":{"line":30,"column":4},"end":{"line":30,"column":14}},"loc":{"start":{"line":30,"column":56},"end":{"line":35,"column":5}}},"1":{"name":"(anonymous_14)","decl":{"start":{"line":38,"column":4},"end":{"line":38,"column":13}},"loc":{"start":{"line":38,"column":13},"end":{"line":44,"column":5}}},"2":{"name":"(anonymous_15)","decl":{"start":{"line":41,"column":14},"end":{"line":41,"column":18}},"loc":{"start":{"line":41,"column":22},"end":{"line":41,"column":35}}},"3":{"name":"(anonymous_16)","decl":{"start":{"line":42,"column":11},"end":{"line":42,"column":15}},"loc":{"start":{"line":42,"column":19},"end":{"line":42,"column":28}}},"4":{"name":"(anonymous_17)","decl":{"start":{"line":47,"column":4},"end":{"line":47,"column":12}},"loc":{"start":{"line":47,"column":33},"end":{"line":49,"column":5}}},"5":{"name":"(anonymous_18)","decl":{"start":{"line":22,"column":20},"end":{"line":22,"column":21}},"loc":{"start":{"line":22,"column":44},"end":{"line":26,"column":11}}}},"branchMap":{},"s":{"0":1,"1":1,"2":1,"3":1,"4":1,"5":1,"6":1,"7":1,"8":1,"9":2,"10":2,"11":1,"12":1,"13":1,"14":1,"15":0,"16":0,"17":0,"18":1,"19":1,"20":1},"f":{"0":1,"1":1,"2":2,"3":2,"4":1,"5":0},"b":{}}
,"D:\\FACULDADE\\5º Semestre\\Programaçao web\\Programa-o-Web\\src\\upload\\upload.module.ts": {"path":"D:\\FACULDADE\\5º Semestre\\Programaçao web\\Programa-o-Web\\src\\upload\\upload.module.ts","statementMap":{"0":{"start":{"line":1,"column":0},"end":{"line":1,"column":40}},"1":{"start":{"line":2,"column":0},"end":{"line":2,"column":55}},"2":{"start":{"line":7,"column":7},"end":{"line":7,"column":null}},"3":{"start":{"line":7,"column":13},"end":{"line":7,"column":25}},"4":{"start":{"line":7,"column":13},"end":{"line":7,"column":null}}},"fnMap":{},"branchMap":{},"s":{"0":0,"1":0,"2":0,"3":0,"4":0},"f":{},"b":{}}
,"D:\\FACULDADE\\5º Semestre\\Programaçao web\\Programa-o-Web\\src\\users\\script.js": {"path":"D:\\FACULDADE\\5º Semestre\\Programaçao web\\Programa-o-Web\\src\\users\\script.js","statementMap":{"0":{"start":{"line":1,"column":13},"end":{"line":1,"column":44}},"1":{"start":{"line":2,"column":17},"end":{"line":2,"column":52}},"2":{"start":{"line":3,"column":14},"end":{"line":3,"column":46}},"3":{"start":{"line":4,"column":17},"end":{"line":4,"column":52}},"4":{"start":{"line":5,"column":29},"end":{"line":5,"column":77}},"5":{"start":{"line":8,"column":0},"end":{"line":12,"column":2}},"6":{"start":{"line":9,"column":2},"end":{"line":9,"column":25}},"7":{"start":{"line":11,"column":2},"end":{"line":11,"column":14}},"8":{"start":{"line":14,"column":0},"end":{"line":16,"column":2}},"9":{"start":{"line":15,"column":2},"end":{"line":15,"column":20}},"10":{"start":{"line":19,"column":0},"end":{"line":21,"column":2}},"11":{"start":{"line":20,"column":2},"end":{"line":20,"column":23}},"12":{"start":{"line":25,"column":24},"end":{"line":25,"column":38}},"13":{"start":{"line":27,"column":2},"end":{"line":32,"column":3}},"14":{"start":{"line":28,"column":4},"end":{"line":28,"column":49}},"15":{"start":{"line":30,"column":21},"end":{"line":30,"column":43}},"16":{"start":{"line":31,"column":4},"end":{"line":31,"column":39}},"17":{"start":{"line":37,"column":21},"end":{"line":37,"column":32}},"18":{"start":{"line":39,"column":2},"end":{"line":44,"column":3}},"19":{"start":{"line":40,"column":4},"end":{"line":40,"column":47}},"20":{"start":{"line":42,"column":21},"end":{"line":42,"column":40}},"21":{"start":{"line":43,"column":4},"end":{"line":43,"column":39}},"22":{"start":{"line":51,"column":24},"end":{"line":51,"column":38}},"23":{"start":{"line":53,"column":2},"end":{"line":60,"column":3}},"24":{"start":{"line":54,"column":4},"end":{"line":54,"column":50}},"25":{"start":{"line":55,"column":8},"end":{"line":60,"column":3}},"26":{"start":{"line":56,"column":4},"end":{"line":56,"column":71}},"27":{"start":{"line":58,"column":21},"end":{"line":58,"column":43}},"28":{"start":{"line":59,"column":4},"end":{"line":59,"column":39}},"29":{"start":{"line":67,"column":24},"end":{"line":67,"column":38}},"30":{"start":{"line":68,"column":36},"end":{"line":68,"column":62}},"31":{"start":{"line":70,"column":2},"end":{"line":77,"column":3}},"32":{"start":{"line":71,"column":4},"end":{"line":71,"column":77}},"33":{"start":{"line":72,"column":8},"end":{"line":77,"column":3}},"34":{"start":{"line":73,"column":4},"end":{"line":73,"column":65}},"35":{"start":{"line":75,"column":21},"end":{"line":75,"column":55}},"36":{"start":{"line":76,"column":4},"end":{"line":76,"column":39}},"37":{"start":{"line":84,"column":2},"end":{"line":84,"column":23}},"38":{"start":{"line":85,"column":2},"end":{"line":85,"column":20}},"39":{"start":{"line":86,"column":2},"end":{"line":86,"column":23}},"40":{"start":{"line":87,"column":2},"end":{"line":87,"column":35}},"41":{"start":{"line":89,"column":20},"end":{"line":89,"column":58}},"42":{"start":{"line":91,"column":18},"end":{"line":93,"column":4}},"43":{"start":{"line":92,"column":4},"end":{"line":92,"column":44}},"44":{"start":{"line":95,"column":2},"end":{"line":97,"column":3}},"45":{"start":{"line":96,"column":4},"end":{"line":96,"column":36}},"46":{"start":{"line":103,"column":19},"end":{"line":103,"column":38}},"47":{"start":{"line":104,"column":22},"end":{"line":104,"column":49}},"48":{"start":{"line":106,"column":2},"end":{"line":106,"column":34}},"49":{"start":{"line":108,"column":2},"end":{"line":108,"column":43}}},"fnMap":{"0":{"name":"(anonymous_0)","decl":{"start":{"line":8,"column":32},"end":{"line":8,"column":33}},"loc":{"start":{"line":8,"column":43},"end":{"line":12,"column":1}},"line":8},"1":{"name":"(anonymous_1)","decl":{"start":{"line":14,"column":31},"end":{"line":14,"column":32}},"loc":{"start":{"line":14,"column":37},"end":{"line":16,"column":1}},"line":14},"2":{"name":"(anonymous_2)","decl":{"start":{"line":19,"column":34},"end":{"line":19,"column":35}},"loc":{"start":{"line":19,"column":40},"end":{"line":21,"column":1}},"line":19},"3":{"name":"checkInputUsername","decl":{"start":{"line":24,"column":9},"end":{"line":24,"column":27}},"loc":{"start":{"line":24,"column":29},"end":{"line":34,"column":1}},"line":24},"4":{"name":"checkInputEmail","decl":{"start":{"line":36,"column":9},"end":{"line":36,"column":24}},"loc":{"start":{"line":36,"column":26},"end":{"line":47,"column":1}},"line":36},"5":{"name":"checkInputPassword","decl":{"start":{"line":50,"column":9},"end":{"line":50,"column":27}},"loc":{"start":{"line":50,"column":29},"end":{"line":63,"column":1}},"line":50},"6":{"name":"checkInputPasswordConfirmation","decl":{"start":{"line":66,"column":9},"end":{"line":66,"column":39}},"loc":{"start":{"line":66,"column":41},"end":{"line":80,"column":1}},"line":66},"7":{"name":"checkForm","decl":{"start":{"line":83,"column":9},"end":{"line":83,"column":18}},"loc":{"start":{"line":83,"column":20},"end":{"line":99,"column":1}},"line":83},"8":{"name":"(anonymous_8)","decl":{"start":{"line":91,"column":40},"end":{"line":91,"column":41}},"loc":{"start":{"line":91,"column":50},"end":{"line":93,"column":3}},"line":91},"9":{"name":"errorInput","decl":{"start":{"line":102,"column":9},"end":{"line":102,"column":19}},"loc":{"start":{"line":102,"column":35},"end":{"line":110,"column":1}},"line":102}},"branchMap":{"0":{"loc":{"start":{"line":27,"column":2},"end":{"line":32,"column":3}},"type":"if","locations":[{"start":{"line":27,"column":2},"end":{"line":32,"column":3}},{"start":{"line":29,"column":7},"end":{"line":32,"column":3}}],"line":27},"1":{"loc":{"start":{"line":39,"column":2},"end":{"line":44,"column":3}},"type":"if","locations":[{"start":{"line":39,"column":2},"end":{"line":44,"column":3}},{"start":{"line":41,"column":7},"end":{"line":44,"column":3}}],"line":39},"2":{"loc":{"start":{"line":53,"column":2},"end":{"line":60,"column":3}},"type":"if","locations":[{"start":{"line":53,"column":2},"end":{"line":60,"column":3}},{"start":{"line":55,"column":8},"end":{"line":60,"column":3}}],"line":53},"3":{"loc":{"start":{"line":55,"column":8},"end":{"line":60,"column":3}},"type":"if","locations":[{"start":{"line":55,"column":8},"end":{"line":60,"column":3}},{"start":{"line":57,"column":7},"end":{"line":60,"column":3}}],"line":55},"4":{"loc":{"start":{"line":70,"column":2},"end":{"line":77,"column":3}},"type":"if","locations":[{"start":{"line":70,"column":2},"end":{"line":77,"column":3}},{"start":{"line":72,"column":8},"end":{"line":77,"column":3}}],"line":70},"5":{"loc":{"start":{"line":72,"column":8},"end":{"line":77,"column":3}},"type":"if","locations":[{"start":{"line":72,"column":8},"end":{"line":77,"column":3}},{"start":{"line":74,"column":7},"end":{"line":77,"column":3}}],"line":72},"6":{"loc":{"start":{"line":95,"column":2},"end":{"line":97,"column":3}},"type":"if","locations":[{"start":{"line":95,"column":2},"end":{"line":97,"column":3}},{"start":{},"end":{}}],"line":95}},"s":{"0":0,"1":0,"2":0,"3":0,"4":0,"5":0,"6":0,"7":0,"8":0,"9":0,"10":0,"11":0,"12":0,"13":0,"14":0,"15":0,"16":0,"17":0,"18":0,"19":0,"20":0,"21":0,"22":0,"23":0,"24":0,"25":0,"26":0,"27":0,"28":0,"29":0,"30":0,"31":0,"32":0,"33":0,"34":0,"35":0,"36":0,"37":0,"38":0,"39":0,"40":0,"41":0,"42":0,"43":0,"44":0,"45":0,"46":0,"47":0,"48":0,"49":0},"f":{"0":0,"1":0,"2":0,"3":0,"4":0,"5":0,"6":0,"7":0,"8":0,"9":0},"b":{"0":[0,0],"1":[0,0],"2":[0,0],"3":[0,0],"4":[0,0],"5":[0,0],"6":[0,0]}}
,"D:\\FACULDADE\\5º Semestre\\Programaçao web\\Programa-o-Web\\src\\users\\user.controller.ts": {"path":"D:\\FACULDADE\\5º Semestre\\Programaçao web\\Programa-o-Web\\src\\users\\user.controller.ts","statementMap":{"0":{"start":{"line":1,"column":0},"end":{"line":1,"column":91}},"1":{"start":{"line":2,"column":0},"end":{"line":2,"column":45}},"2":{"start":{"line":3,"column":0},"end":{"line":3,"column":55}},"3":{"start":{"line":5,"column":0},"end":{"line":5,"column":54}},"4":{"start":{"line":8,"column":7},"end":{"line":38,"column":null}},"5":{"start":{"line":9,"column":31},"end":{"line":9,"column":44}},"6":{"start":{"line":13,"column":4},"end":{"line":13,"column":50}},"7":{"start":{"line":19,"column":4},"end":{"line":19,"column":38}},"8":{"start":{"line":24,"column":4},"end":{"line":24,"column":48}},"9":{"start":{"line":29,"column":2},"end":{"line":29,"column":60}},"10":{"start":{"line":34,"column":2},"end":{"line":34,"column":45}},"11":{"start":{"line":8,"column":13},"end":{"line":8,"column":27}},"12":{"start":{"line":12,"column":2},"end":{"line":14,"column":null}},"13":{"start":{"line":18,"column":2},"end":{"line":20,"column":null}},"14":{"start":{"line":23,"column":2},"end":{"line":25,"column":null}},"15":{"start":{"line":28,"column":0},"end":{"line":30,"column":null}},"16":{"start":{"line":33,"column":0},"end":{"line":35,"column":null}},"17":{"start":{"line":8,"column":13},"end":{"line":38,"column":null}}},"fnMap":{"0":{"name":"(anonymous_4)","decl":{"start":{"line":9,"column":2},"end":{"line":9,"column":31}},"loc":{"start":{"line":9,"column":55},"end":{"line":9,"column":59}}},"1":{"name":"(anonymous_5)","decl":{"start":{"line":12,"column":2},"end":{"line":12,"column":8}},"loc":{"start":{"line":12,"column":45},"end":{"line":14,"column":3}}},"2":{"name":"(anonymous_6)","decl":{"start":{"line":18,"column":2},"end":{"line":18,"column":9}},"loc":{"start":{"line":18,"column":9},"end":{"line":20,"column":3}}},"3":{"name":"(anonymous_7)","decl":{"start":{"line":23,"column":2},"end":{"line":23,"column":9}},"loc":{"start":{"line":23,"column":33},"end":{"line":25,"column":3}}},"4":{"name":"(anonymous_8)","decl":{"start":{"line":28,"column":0},"end":{"line":28,"column":6}},"loc":{"start":{"line":28,"column":68},"end":{"line":30,"column":1}}},"5":{"name":"(anonymous_9)","decl":{"start":{"line":33,"column":0},"end":{"line":33,"column":6}},"loc":{"start":{"line":33,"column":30},"end":{"line":35,"column":1}}}},"branchMap":{},"s":{"0":1,"1":1,"2":1,"3":1,"4":1,"5":6,"6":1,"7":1,"8":1,"9":1,"10":1,"11":1,"12":1,"13":1,"14":1,"15":1,"16":1,"17":1},"f":{"0":6,"1":1,"2":1,"3":1,"4":1,"5":1},"b":{}}
,"D:\\FACULDADE\\5º Semestre\\Programaçao web\\Programa-o-Web\\src\\users\\user.entity.ts": {"path":"D:\\FACULDADE\\5º Semestre\\Programaçao web\\Programa-o-Web\\src\\users\\user.entity.ts","statementMap":{"0":{"start":{"line":1,"column":0},"end":{"line":1,"column":65}},"1":{"start":{"line":4,"column":7},"end":{"line":16,"column":null}},"2":{"start":{"line":4,"column":13},"end":{"line":4,"column":17}},"3":{"start":{"line":6,"column":2},"end":{"line":6,"column":null}},"4":{"start":{"line":9,"column":2},"end":{"line":9,"column":null}},"5":{"start":{"line":12,"column":2},"end":{"line":12,"column":null}},"6":{"start":{"line":15,"column":2},"end":{"line":15,"column":null}},"7":{"start":{"line":4,"column":13},"end":{"line":16,"column":null}}},"fnMap":{},"branchMap":{},"s":{"0":4,"1":4,"2":4,"3":4,"4":4,"5":4,"6":4,"7":4},"f":{},"b":{}}
,"D:\\FACULDADE\\5º Semestre\\Programaçao web\\Programa-o-Web\\src\\users\\user.module.ts": {"path":"D:\\FACULDADE\\5º Semestre\\Programaçao web\\Programa-o-Web\\src\\users\\user.module.ts","statementMap":{"0":{"start":{"line":2,"column":0},"end":{"line":2,"column":40}},"1":{"start":{"line":3,"column":0},"end":{"line":3,"column":48}},"2":{"start":{"line":4,"column":0},"end":{"line":4,"column":37}},"3":{"start":{"line":5,"column":0},"end":{"line":5,"column":45}},"4":{"start":{"line":6,"column":0},"end":{"line":6,"column":51}},"5":{"start":{"line":14,"column":7},"end":{"line":14,"column":null}},"6":{"start":{"line":14,"column":13},"end":{"line":14,"column":23}},"7":{"start":{"line":14,"column":13},"end":{"line":14,"column":null}}},"fnMap":{},"branchMap":{},"s":{"0":0,"1":0,"2":0,"3":0,"4":0,"5":0,"6":0,"7":0},"f":{},"b":{}}
,"D:\\FACULDADE\\5º Semestre\\Programaçao web\\Programa-o-Web\\src\\users\\user.service.ts": {"path":"D:\\FACULDADE\\5º Semestre\\Programaçao web\\Programa-o-Web\\src\\users\\user.service.ts","statementMap":{"0":{"start":{"line":1,"column":0},"end":{"line":1,"column":44}},"1":{"start":{"line":2,"column":0},"end":{"line":2,"column":51}},"2":{"start":{"line":3,"column":0},"end":{"line":3,"column":37}},"3":{"start":{"line":4,"column":0},"end":{"line":4,"column":37}},"4":{"start":{"line":6,"column":0},"end":{"line":6,"column":33}},"5":{"start":{"line":9,"column":7},"end":{"line":43,"column":null}},"6":{"start":{"line":12,"column":21},"end":{"line":12,"column":37}},"7":{"start":{"line":16,"column":27},"end":{"line":16,"column":72}},"8":{"start":{"line":17,"column":17},"end":{"line":20,"column":6}},"9":{"start":{"line":21,"column":4},"end":{"line":21,"column":42}},"10":{"start":{"line":25,"column":4},"end":{"line":25,"column":38}},"11":{"start":{"line":29,"column":4},"end":{"line":29,"column":49}},"12":{"start":{"line":33,"column":4},"end":{"line":33,"column":56}},"13":{"start":{"line":34,"column":4},"end":{"line":34,"column":49}},"14":{"start":{"line":38,"column":4},"end":{"line":38,"column":41}},"15":{"start":{"line":39,"column":4},"end":{"line":39,"column":61}},"16":{"start":{"line":9,"column":13},"end":{"line":9,"column":24}},"17":{"start":{"line":9,"column":13},"end":{"line":43,"column":null}}},"fnMap":{"0":{"name":"(anonymous_13)","decl":{"start":{"line":10,"column":2},"end":{"line":10,"column":null}},"loc":{"start":{"line":12,"column":53},"end":{"line":13,"column":6}}},"1":{"name":"(anonymous_14)","decl":{"start":{"line":15,"column":2},"end":{"line":15,"column":7}},"loc":{"start":{"line":15,"column":43},"end":{"line":22,"column":3}}},"2":{"name":"(anonymous_15)","decl":{"start":{"line":24,"column":2},"end":{"line":24,"column":7}},"loc":{"start":{"line":24,"column":15},"end":{"line":26,"column":3}}},"3":{"name":"(anonymous_16)","decl":{"start":{"line":28,"column":2},"end":{"line":28,"column":7}},"loc":{"start":{"line":28,"column":26},"end":{"line":30,"column":3}}},"4":{"name":"(anonymous_17)","decl":{"start":{"line":32,"column":2},"end":{"line":32,"column":7}},"loc":{"start":{"line":32,"column":55},"end":{"line":35,"column":3}}},"5":{"name":"(anonymous_18)","decl":{"start":{"line":37,"column":2},"end":{"line":37,"column":7}},"loc":{"start":{"line":37,"column":25},"end":{"line":40,"column":3}}}},"branchMap":{},"s":{"0":4,"1":4,"2":4,"3":4,"4":4,"5":4,"6":6,"7":1,"8":1,"9":1,"10":1,"11":1,"12":1,"13":1,"14":1,"15":1,"16":4,"17":4},"f":{"0":6,"1":1,"2":1,"3":1,"4":1,"5":1},"b":{}}
}
